The target system is: Android - 1 - aarch64
The host system is: Linux - 4.13.0-43-generic - x86_64
Compiling the C compiler identification source file "CMakeCCompilerId.c" succeeded.
Compiler: /home/irina/Android/Sdk/ndk-bundle/toolchains/aarch64-linux-android-4.9/prebuilt/linux-x86_64/bin/aarch64-linux-android-gcc 
Build flags: -isystem;/home/irina/Android/Sdk/ndk-bundle/sysroot/usr/include/aarch64-linux-android;-D__ANDROID_API__=21;-g;-DANDROID;-ffunction-sections;-funwind-tables;-fstack-protector-strong;-no-canonical-prefixes;-Wa,--noexecstack;-Wformat;-Werror=format-security;
Id flags: -c

The output was:
0


Compilation of the C compiler identification source "CMakeCCompilerId.c" produced "CMakeCCompilerId.o"

The C compiler identification is GNU, found in "/home/irina/FR-android-dlib-opencv/TensorflowDetection/.externalNativeBuild/cmake/debug/arm64-v8a/CMakeFiles/3.6.0-rc2/CompilerIdC/CMakeCCompilerId.o"

Compiling the CXX compiler identification source file "CMakeCXXCompilerId.cpp" succeeded.
Compiler: /home/irina/Android/Sdk/ndk-bundle/toolchains/aarch64-linux-android-4.9/prebuilt/linux-x86_64/bin/aarch64-linux-android-g++ 
Build flags: -isystem;/home/irina/Android/Sdk/ndk-bundle/sysroot/usr/include/aarch64-linux-android;-D__ANDROID_API__=21;-g;-DANDROID;-ffunction-sections;-funwind-tables;-fstack-protector-strong;-no-canonical-prefixes;-Wa,--noexecstack;-Wformat;-Werror=format-security;;-std=c++11
Id flags: -c

The output was:
0


Compilation of the CXX compiler identification source "CMakeCXXCompilerId.cpp" produced "CMakeCXXCompilerId.o"

The CXX compiler identification is GNU, found in "/home/irina/FR-android-dlib-opencv/TensorflowDetection/.externalNativeBuild/cmake/debug/arm64-v8a/CMakeFiles/3.6.0-rc2/CompilerIdCXX/CMakeCXXCompilerId.o"

Determining if the C compiler works passed with the following output:
Change Dir: /home/irina/FR-android-dlib-opencv/TensorflowDetection/.externalNativeBuild/cmake/debug/arm64-v8a/CMakeFiles/CMakeTmp

Run Build Command:"/home/irina/Android/Sdk/cmake/3.6.4111459/bin/ninja" "cmTC_8367e"
[1/2] Building C object CMakeFiles/cmTC_8367e.dir/testCCompiler.c.o
[2/2] Linking C executable cmTC_8367e


Detecting C compiler ABI info compiled with the following output:
Change Dir: /home/irina/FR-android-dlib-opencv/TensorflowDetection/.externalNativeBuild/cmake/debug/arm64-v8a/CMakeFiles/CMakeTmp

Run Build Command:"/home/irina/Android/Sdk/cmake/3.6.4111459/bin/ninja" "cmTC_ffbc7"
[1/2] Building C object CMakeFiles/cmTC_ffbc7.dir/CMakeCCompilerABI.c.o
[2/2] Linking C executable cmTC_ffbc7
Using built-in specs.
COLLECT_GCC=/home/irina/Android/Sdk/ndk-bundle/toolchains/aarch64-linux-android-4.9/prebuilt/linux-x86_64/bin/aarch64-linux-android-gcc
COLLECT_LTO_WRAPPER=/home/irina/Android/Sdk/ndk-bundle/toolchains/aarch64-linux-android-4.9/prebuilt/linux-x86_64/bin/../libexec/gcc/aarch64-linux-android/4.9.x/lto-wrapper
Target: aarch64-linux-android
Configured with: /usr/local/google/buildbot/src/android/gcc/toolchain/build/../gcc/gcc-4.9/configure --prefix=/tmp/ec4cb553ef61611c1d388a938c56382a --target=aarch64-linux-android --host=x86_64-linux-gnu --build=x86_64-linux-gnu --with-gnu-as --with-gnu-ld --enable-languages=c,c++ --with-gmp=/buildbot/tmp/build/toolchain/temp-install --with-mpfr=/buildbot/tmp/build/toolchain/temp-install --with-mpc=/buildbot/tmp/build/toolchain/temp-install --with-cloog=/buildbot/tmp/build/toolchain/temp-install --with-isl=/buildbot/tmp/build/toolchain/temp-install --with-ppl=/buildbot/tmp/build/toolchain/temp-install --disable-ppl-version-check --disable-cloog-version-check --disable-isl-version-check --enable-cloog-backend=isl --with-host-libstdcxx='-static-libgcc -Wl,-Bstatic,-lstdc++,-Bdynamic -lm' --disable-libssp --enable-threads --disable-nls --disable-libmudflap --disable-libgomp --disable-libstdc__-v3 --disable-sjlj-exceptions --disable-shared --disable-tls --disable-libitm --enable-bionic-libs --enable-libatomic-ifuncs=no --enable-initfini-array --disable-nls --prefix=/tmp/ec4cb553ef61611c1d388a938c56382a --with-sysroot=/tmp/ec4cb553ef61611c1d388a938c56382a/sysroot --with-binutils-version=2.27 --with-mpfr-version=3.1.1 --with-mpc-version=1.0.1 --with-gmp-version=5.0.5 --with-gcc-version=4.9 --with-gdb-version=none --with-gxx-include-dir=/tmp/ec4cb553ef61611c1d388a938c56382a/include/c++/4.9.x --with-bugurl=http://source.android.com/source/report-bugs.html --enable-languages=c,c++ --disable-bootstrap --enable-plugins --enable-libgomp --enable-gnu-indirect-function --disable-libsanitizer --enable-gold --enable-ld=default --enable-threads --enable-eh-frame-hdr-for-static --enable-fix-cortex-a53-835769 --enable-graphite=yes --with-isl-version=0.11.1 --with-cloog-version=0.18.0 --program-transform-name='s&^&aarch64-linux-android-&' --enable-gold
Thread model: posix
gcc version 4.9.x 20150123 (prerelease) (GCC) 
COMPILER_PATH=/home/irina/Android/Sdk/ndk-bundle/toolchains/aarch64-linux-android-4.9/prebuilt/linux-x86_64/bin/../libexec/gcc/aarch64-linux-android/4.9.x/:/home/irina/Android/Sdk/ndk-bundle/toolchains/aarch64-linux-android-4.9/prebuilt/linux-x86_64/bin/../libexec/gcc/:/home/irina/Android/Sdk/ndk-bundle/toolchains/aarch64-linux-android-4.9/prebuilt/linux-x86_64/bin/../lib/gcc/aarch64-linux-android/4.9.x/../../../../aarch64-linux-android/bin/
LIBRARY_PATH=/home/irina/Android/Sdk/ndk-bundle/toolchains/aarch64-linux-android-4.9/prebuilt/linux-x86_64/bin/../lib/gcc/aarch64-linux-android/4.9.x/:/home/irina/Android/Sdk/ndk-bundle/toolchains/aarch64-linux-android-4.9/prebuilt/linux-x86_64/bin/../lib/gcc/:/home/irina/Android/Sdk/ndk-bundle/toolchains/aarch64-linux-android-4.9/prebuilt/linux-x86_64/bin/../lib/gcc/aarch64-linux-android/4.9.x/../../../../aarch64-linux-android/lib/../lib64/:/home/irina/Android/Sdk/ndk-bundle/toolchains/aarch64-linux-android-4.9/prebuilt/linux-x86_64/bin/../lib/gcc/aarch64-linux-android/4.9.x/../../../../aarch64-linux-android/lib/:/home/irina/Android/Sdk/ndk-bundle/platforms/android-21/arch-arm64/usr/lib/
COLLECT_GCC_OPTIONS='-isystem' '/home/irina/Android/Sdk/ndk-bundle/sysroot/usr/include/aarch64-linux-android' '-D' '__ANDROID_API__=21' '-g' '-D' 'ANDROID' '-ffunction-sections' '-funwind-tables' '-fstack-protector-strong' '-Wformat=1' '-Werror=format-security' '-pie' '-fPIE' '-v' '-o' 'cmTC_ffbc7' '-mlittle-endian' '-mabi=lp64'
 /home/irina/Android/Sdk/ndk-bundle/toolchains/aarch64-linux-android-4.9/prebuilt/linux-x86_64/bin/../libexec/gcc/aarch64-linux-android/4.9.x/collect2 -plugin /home/irina/Android/Sdk/ndk-bundle/toolchains/aarch64-linux-android-4.9/prebuilt/linux-x86_64/bin/../libexec/gcc/aarch64-linux-android/4.9.x/liblto_plugin.so -plugin-opt=/home/irina/Android/Sdk/ndk-bundle/toolchains/aarch64-linux-android-4.9/prebuilt/linux-x86_64/bin/../libexec/gcc/aarch64-linux-android/4.9.x/lto-wrapper -plugin-opt=-fresolution=/tmp/ccEL4LgH.res -plugin-opt=-pass-through=-lgcc -plugin-opt=-pass-through=-lc -plugin-opt=-pass-through=-ldl -plugin-opt=-pass-through=-lgcc --sysroot=/home/irina/Android/Sdk/ndk-bundle/platforms/android-21/arch-arm64 --eh-frame-hdr -dynamic-linker /system/bin/linker64 -X -EL -maarch64linux --fix-cortex-a53-835769 --fix-cortex-a53-843419 -z noexecstack -z relro -z now -pie -o cmTC_ffbc7 /home/irina/Android/Sdk/ndk-bundle/platforms/android-21/arch-arm64/usr/lib/crtbegin_dynamic.o -L/home/irina/Android/Sdk/ndk-bundle/toolchains/aarch64-linux-android-4.9/prebuilt/linux-x86_64/bin/../lib/gcc/aarch64-linux-android/4.9.x -L/home/irina/Android/Sdk/ndk-bundle/toolchains/aarch64-linux-android-4.9/prebuilt/linux-x86_64/bin/../lib/gcc -L/home/irina/Android/Sdk/ndk-bundle/toolchains/aarch64-linux-android-4.9/prebuilt/linux-x86_64/bin/../lib/gcc/aarch64-linux-android/4.9.x/../../../../aarch64-linux-android/lib/../lib64 -L/home/irina/Android/Sdk/ndk-bundle/toolchains/aarch64-linux-android-4.9/prebuilt/linux-x86_64/bin/../lib/gcc/aarch64-linux-android/4.9.x/../../../../aarch64-linux-android/lib -L/home/irina/Android/Sdk/ndk-bundle/platforms/android-21/arch-arm64/usr/lib --exclude-libs libgcc.a --exclude-libs libatomic.a --build-id --warn-shared-textrel --fatal-warnings --no-undefined -z noexecstack -z relro -z now --gc-sections -z nocopyreloc CMakeFiles/cmTC_ffbc7.dir/CMakeCCompilerABI.c.o -lgcc -lc -ldl -lgcc /home/irina/Android/Sdk/ndk-bundle/platforms/android-21/arch-arm64/usr/lib/crtend_android.o


Parsed C implicit link information from above output:
  link line regex: [^( *|.*[/\])(aarch64-linux-android-ld|([^/\]+-)?ld|collect2)[^/\]*( |$)]
  ignore line: [Change Dir: /home/irina/FR-android-dlib-opencv/TensorflowDetection/.externalNativeBuild/cmake/debug/arm64-v8a/CMakeFiles/CMakeTmp]
  ignore line: []
  ignore line: [Run Build Command:"/home/irina/Android/Sdk/cmake/3.6.4111459/bin/ninja" "cmTC_ffbc7"]
  ignore line: [[1/2] Building C object CMakeFiles/cmTC_ffbc7.dir/CMakeCCompilerABI.c.o]
  ignore line: [[2/2] Linking C executable cmTC_ffbc7]
  ignore line: [Using built-in specs.]
  ignore line: [COLLECT_GCC=/home/irina/Android/Sdk/ndk-bundle/toolchains/aarch64-linux-android-4.9/prebuilt/linux-x86_64/bin/aarch64-linux-android-gcc]
  ignore line: [COLLECT_LTO_WRAPPER=/home/irina/Android/Sdk/ndk-bundle/toolchains/aarch64-linux-android-4.9/prebuilt/linux-x86_64/bin/../libexec/gcc/aarch64-linux-android/4.9.x/lto-wrapper]
  ignore line: [Target: aarch64-linux-android]
  ignore line: [Configured with: /usr/local/google/buildbot/src/android/gcc/toolchain/build/../gcc/gcc-4.9/configure --prefix=/tmp/ec4cb553ef61611c1d388a938c56382a --target=aarch64-linux-android --host=x86_64-linux-gnu --build=x86_64-linux-gnu --with-gnu-as --with-gnu-ld --enable-languages=c,c++ --with-gmp=/buildbot/tmp/build/toolchain/temp-install --with-mpfr=/buildbot/tmp/build/toolchain/temp-install --with-mpc=/buildbot/tmp/build/toolchain/temp-install --with-cloog=/buildbot/tmp/build/toolchain/temp-install --with-isl=/buildbot/tmp/build/toolchain/temp-install --with-ppl=/buildbot/tmp/build/toolchain/temp-install --disable-ppl-version-check --disable-cloog-version-check --disable-isl-version-check --enable-cloog-backend=isl --with-host-libstdcxx='-static-libgcc -Wl,-Bstatic,-lstdc++,-Bdynamic -lm' --disable-libssp --enable-threads --disable-nls --disable-libmudflap --disable-libgomp --disable-libstdc__-v3 --disable-sjlj-exceptions --disable-shared --disable-tls --disable-libitm --enable-bionic-libs --enable-libatomic-ifuncs=no --enable-initfini-array --disable-nls --prefix=/tmp/ec4cb553ef61611c1d388a938c56382a --with-sysroot=/tmp/ec4cb553ef61611c1d388a938c56382a/sysroot --with-binutils-version=2.27 --with-mpfr-version=3.1.1 --with-mpc-version=1.0.1 --with-gmp-version=5.0.5 --with-gcc-version=4.9 --with-gdb-version=none --with-gxx-include-dir=/tmp/ec4cb553ef61611c1d388a938c56382a/include/c++/4.9.x --with-bugurl=http://source.android.com/source/report-bugs.html --enable-languages=c,c++ --disable-bootstrap --enable-plugins --enable-libgomp --enable-gnu-indirect-function --disable-libsanitizer --enable-gold --enable-ld=default --enable-threads --enable-eh-frame-hdr-for-static --enable-fix-cortex-a53-835769 --enable-graphite=yes --with-isl-version=0.11.1 --with-cloog-version=0.18.0 --program-transform-name='s&^&aarch64-linux-android-&' --enable-gold]
  ignore line: [Thread model: posix]
  ignore line: [gcc version 4.9.x 20150123 (prerelease) (GCC) ]
  ignore line: [COMPILER_PATH=/home/irina/Android/Sdk/ndk-bundle/toolchains/aarch64-linux-android-4.9/prebuilt/linux-x86_64/bin/../libexec/gcc/aarch64-linux-android/4.9.x/:/home/irina/Android/Sdk/ndk-bundle/toolchains/aarch64-linux-android-4.9/prebuilt/linux-x86_64/bin/../libexec/gcc/:/home/irina/Android/Sdk/ndk-bundle/toolchains/aarch64-linux-android-4.9/prebuilt/linux-x86_64/bin/../lib/gcc/aarch64-linux-android/4.9.x/../../../../aarch64-linux-android/bin/]
  ignore line: [LIBRARY_PATH=/home/irina/Android/Sdk/ndk-bundle/toolchains/aarch64-linux-android-4.9/prebuilt/linux-x86_64/bin/../lib/gcc/aarch64-linux-android/4.9.x/:/home/irina/Android/Sdk/ndk-bundle/toolchains/aarch64-linux-android-4.9/prebuilt/linux-x86_64/bin/../lib/gcc/:/home/irina/Android/Sdk/ndk-bundle/toolchains/aarch64-linux-android-4.9/prebuilt/linux-x86_64/bin/../lib/gcc/aarch64-linux-android/4.9.x/../../../../aarch64-linux-android/lib/../lib64/:/home/irina/Android/Sdk/ndk-bundle/toolchains/aarch64-linux-android-4.9/prebuilt/linux-x86_64/bin/../lib/gcc/aarch64-linux-android/4.9.x/../../../../aarch64-linux-android/lib/:/home/irina/Android/Sdk/ndk-bundle/platforms/android-21/arch-arm64/usr/lib/]
  ignore line: [COLLECT_GCC_OPTIONS='-isystem' '/home/irina/Android/Sdk/ndk-bundle/sysroot/usr/include/aarch64-linux-android' '-D' '__ANDROID_API__=21' '-g' '-D' 'ANDROID' '-ffunction-sections' '-funwind-tables' '-fstack-protector-strong' '-Wformat=1' '-Werror=format-security' '-pie' '-fPIE' '-v' '-o' 'cmTC_ffbc7' '-mlittle-endian' '-mabi=lp64']
  link line: [ /home/irina/Android/Sdk/ndk-bundle/toolchains/aarch64-linux-android-4.9/prebuilt/linux-x86_64/bin/../libexec/gcc/aarch64-linux-android/4.9.x/collect2 -plugin /home/irina/Android/Sdk/ndk-bundle/toolchains/aarch64-linux-android-4.9/prebuilt/linux-x86_64/bin/../libexec/gcc/aarch64-linux-android/4.9.x/liblto_plugin.so -plugin-opt=/home/irina/Android/Sdk/ndk-bundle/toolchains/aarch64-linux-android-4.9/prebuilt/linux-x86_64/bin/../libexec/gcc/aarch64-linux-android/4.9.x/lto-wrapper -plugin-opt=-fresolution=/tmp/ccEL4LgH.res -plugin-opt=-pass-through=-lgcc -plugin-opt=-pass-through=-lc -plugin-opt=-pass-through=-ldl -plugin-opt=-pass-through=-lgcc --sysroot=/home/irina/Android/Sdk/ndk-bundle/platforms/android-21/arch-arm64 --eh-frame-hdr -dynamic-linker /system/bin/linker64 -X -EL -maarch64linux --fix-cortex-a53-835769 --fix-cortex-a53-843419 -z noexecstack -z relro -z now -pie -o cmTC_ffbc7 /home/irina/Android/Sdk/ndk-bundle/platforms/android-21/arch-arm64/usr/lib/crtbegin_dynamic.o -L/home/irina/Android/Sdk/ndk-bundle/toolchains/aarch64-linux-android-4.9/prebuilt/linux-x86_64/bin/../lib/gcc/aarch64-linux-android/4.9.x -L/home/irina/Android/Sdk/ndk-bundle/toolchains/aarch64-linux-android-4.9/prebuilt/linux-x86_64/bin/../lib/gcc -L/home/irina/Android/Sdk/ndk-bundle/toolchains/aarch64-linux-android-4.9/prebuilt/linux-x86_64/bin/../lib/gcc/aarch64-linux-android/4.9.x/../../../../aarch64-linux-android/lib/../lib64 -L/home/irina/Android/Sdk/ndk-bundle/toolchains/aarch64-linux-android-4.9/prebuilt/linux-x86_64/bin/../lib/gcc/aarch64-linux-android/4.9.x/../../../../aarch64-linux-android/lib -L/home/irina/Android/Sdk/ndk-bundle/platforms/android-21/arch-arm64/usr/lib --exclude-libs libgcc.a --exclude-libs libatomic.a --build-id --warn-shared-textrel --fatal-warnings --no-undefined -z noexecstack -z relro -z now --gc-sections -z nocopyreloc CMakeFiles/cmTC_ffbc7.dir/CMakeCCompilerABI.c.o -lgcc -lc -ldl -lgcc /home/irina/Android/Sdk/ndk-bundle/platforms/android-21/arch-arm64/usr/lib/crtend_android.o]
    arg [/home/irina/Android/Sdk/ndk-bundle/toolchains/aarch64-linux-android-4.9/prebuilt/linux-x86_64/bin/../libexec/gcc/aarch64-linux-android/4.9.x/collect2] ==> ignore
    arg [-plugin] ==> ignore
    arg [/home/irina/Android/Sdk/ndk-bundle/toolchains/aarch64-linux-android-4.9/prebuilt/linux-x86_64/bin/../libexec/gcc/aarch64-linux-android/4.9.x/liblto_plugin.so] ==> ignore
    arg [-plugin-opt=/home/irina/Android/Sdk/ndk-bundle/toolchains/aarch64-linux-android-4.9/prebuilt/linux-x86_64/bin/../libexec/gcc/aarch64-linux-android/4.9.x/lto-wrapper] ==> ignore
    arg [-plugin-opt=-fresolution=/tmp/ccEL4LgH.res] ==> ignore
    arg [-plugin-opt=-pass-through=-lgcc] ==> ignore
    arg [-plugin-opt=-pass-through=-lc] ==> ignore
    arg [-plugin-opt=-pass-through=-ldl] ==> ignore
    arg [-plugin-opt=-pass-through=-lgcc] ==> ignore
    arg [--sysroot=/home/irina/Android/Sdk/ndk-bundle/platforms/android-21/arch-arm64] ==> ignore
    arg [--eh-frame-hdr] ==> ignore
    arg [-dynamic-linker] ==> ignore
    arg [/system/bin/linker64] ==> ignore
    arg [-X] ==> ignore
    arg [-EL] ==> ignore
    arg [-maarch64linux] ==> ignore
    arg [--fix-cortex-a53-835769] ==> ignore
    arg [--fix-cortex-a53-843419] ==> ignore
    arg [-znoexecstack] ==> ignore
    arg [-zrelro] ==> ignore
    arg [-znow] ==> ignore
    arg [-pie] ==> ignore
    arg [-o] ==> ignore
    arg [cmTC_ffbc7] ==> ignore
    arg [/home/irina/Android/Sdk/ndk-bundle/platforms/android-21/arch-arm64/usr/lib/crtbegin_dynamic.o] ==> ignore
    arg [-L/home/irina/Android/Sdk/ndk-bundle/toolchains/aarch64-linux-android-4.9/prebuilt/linux-x86_64/bin/../lib/gcc/aarch64-linux-android/4.9.x] ==> dir [/home/irina/Android/Sdk/ndk-bundle/toolchains/aarch64-linux-android-4.9/prebuilt/linux-x86_64/bin/../lib/gcc/aarch64-linux-android/4.9.x]
    arg [-L/home/irina/Android/Sdk/ndk-bundle/toolchains/aarch64-linux-android-4.9/prebuilt/linux-x86_64/bin/../lib/gcc] ==> dir [/home/irina/Android/Sdk/ndk-bundle/toolchains/aarch64-linux-android-4.9/prebuilt/linux-x86_64/bin/../lib/gcc]
    arg [-L/home/irina/Android/Sdk/ndk-bundle/toolchains/aarch64-linux-android-4.9/prebuilt/linux-x86_64/bin/../lib/gcc/aarch64-linux-android/4.9.x/../../../../aarch64-linux-android/lib/../lib64] ==> dir [/home/irina/Android/Sdk/ndk-bundle/toolchains/aarch64-linux-android-4.9/prebuilt/linux-x86_64/bin/../lib/gcc/aarch64-linux-android/4.9.x/../../../../aarch64-linux-android/lib/../lib64]
    arg [-L/home/irina/Android/Sdk/ndk-bundle/toolchains/aarch64-linux-android-4.9/prebuilt/linux-x86_64/bin/../lib/gcc/aarch64-linux-android/4.9.x/../../../../aarch64-linux-android/lib] ==> dir [/home/irina/Android/Sdk/ndk-bundle/toolchains/aarch64-linux-android-4.9/prebuilt/linux-x86_64/bin/../lib/gcc/aarch64-linux-android/4.9.x/../../../../aarch64-linux-android/lib]
    arg [-L/home/irina/Android/Sdk/ndk-bundle/platforms/android-21/arch-arm64/usr/lib] ==> dir [/home/irina/Android/Sdk/ndk-bundle/platforms/android-21/arch-arm64/usr/lib]
    arg [--exclude-libs] ==> ignore
    arg [libgcc.a] ==> ignore
    arg [--exclude-libs] ==> ignore
    arg [libatomic.a] ==> ignore
    arg [--build-id] ==> ignore
    arg [--warn-shared-textrel] ==> ignore
    arg [--fatal-warnings] ==> ignore
    arg [--no-undefined] ==> ignore
    arg [-znoexecstack] ==> ignore
    arg [-zrelro] ==> ignore
    arg [-znow] ==> ignore
    arg [--gc-sections] ==> ignore
    arg [-znocopyreloc] ==> ignore
    arg [CMakeFiles/cmTC_ffbc7.dir/CMakeCCompilerABI.c.o] ==> ignore
    arg [-lgcc] ==> lib [gcc]
    arg [-lc] ==> lib [c]
    arg [-ldl] ==> lib [dl]
    arg [-lgcc] ==> lib [gcc]
    arg [/home/irina/Android/Sdk/ndk-bundle/platforms/android-21/arch-arm64/usr/lib/crtend_android.o] ==> ignore
  remove lib [gcc]
  remove lib [gcc]
  collapse library dir [/home/irina/Android/Sdk/ndk-bundle/toolchains/aarch64-linux-android-4.9/prebuilt/linux-x86_64/bin/../lib/gcc/aarch64-linux-android/4.9.x] ==> [/home/irina/Android/Sdk/ndk-bundle/toolchains/aarch64-linux-android-4.9/prebuilt/linux-x86_64/lib/gcc/aarch64-linux-android/4.9.x]
  collapse library dir [/home/irina/Android/Sdk/ndk-bundle/toolchains/aarch64-linux-android-4.9/prebuilt/linux-x86_64/bin/../lib/gcc] ==> [/home/irina/Android/Sdk/ndk-bundle/toolchains/aarch64-linux-android-4.9/prebuilt/linux-x86_64/lib/gcc]
  collapse library dir [/home/irina/Android/Sdk/ndk-bundle/toolchains/aarch64-linux-android-4.9/prebuilt/linux-x86_64/bin/../lib/gcc/aarch64-linux-android/4.9.x/../../../../aarch64-linux-android/lib/../lib64] ==> [/home/irina/Android/Sdk/ndk-bundle/toolchains/aarch64-linux-android-4.9/prebuilt/linux-x86_64/aarch64-linux-android/lib64]
  collapse library dir [/home/irina/Android/Sdk/ndk-bundle/toolchains/aarch64-linux-android-4.9/prebuilt/linux-x86_64/bin/../lib/gcc/aarch64-linux-android/4.9.x/../../../../aarch64-linux-android/lib] ==> [/home/irina/Android/Sdk/ndk-bundle/toolchains/aarch64-linux-android-4.9/prebuilt/linux-x86_64/aarch64-linux-android/lib]
  collapse library dir [/home/irina/Android/Sdk/ndk-bundle/platforms/android-21/arch-arm64/usr/lib] ==> [/home/irina/Android/Sdk/ndk-bundle/platforms/android-21/arch-arm64/usr/lib]
  implicit libs: [c;dl]
  implicit dirs: [/home/irina/Android/Sdk/ndk-bundle/toolchains/aarch64-linux-android-4.9/prebuilt/linux-x86_64/lib/gcc/aarch64-linux-android/4.9.x;/home/irina/Android/Sdk/ndk-bundle/toolchains/aarch64-linux-android-4.9/prebuilt/linux-x86_64/lib/gcc;/home/irina/Android/Sdk/ndk-bundle/toolchains/aarch64-linux-android-4.9/prebuilt/linux-x86_64/aarch64-linux-android/lib64;/home/irina/Android/Sdk/ndk-bundle/toolchains/aarch64-linux-android-4.9/prebuilt/linux-x86_64/aarch64-linux-android/lib;/home/irina/Android/Sdk/ndk-bundle/platforms/android-21/arch-arm64/usr/lib]
  implicit fwks: []




Detecting C [-std=c11] compiler features compiled with the following output:
Change Dir: /home/irina/FR-android-dlib-opencv/TensorflowDetection/.externalNativeBuild/cmake/debug/arm64-v8a/CMakeFiles/CMakeTmp

Run Build Command:"/home/irina/Android/Sdk/cmake/3.6.4111459/bin/ninja" "cmTC_de1cc"
[1/2] Building C object CMakeFiles/cmTC_de1cc.dir/feature_tests.c.o
[2/2] Linking C executable cmTC_de1cc


    Feature record: C_FEATURE:1c_function_prototypes
    Feature record: C_FEATURE:1c_restrict
    Feature record: C_FEATURE:1c_static_assert
    Feature record: C_FEATURE:1c_variadic_macros


Detecting C [-std=c99] compiler features compiled with the following output:
Change Dir: /home/irina/FR-android-dlib-opencv/TensorflowDetection/.externalNativeBuild/cmake/debug/arm64-v8a/CMakeFiles/CMakeTmp

Run Build Command:"/home/irina/Android/Sdk/cmake/3.6.4111459/bin/ninja" "cmTC_d006c"
[1/2] Building C object CMakeFiles/cmTC_d006c.dir/feature_tests.c.o
[2/2] Linking C executable cmTC_d006c


    Feature record: C_FEATURE:1c_function_prototypes
    Feature record: C_FEATURE:1c_restrict
    Feature record: C_FEATURE:0c_static_assert
    Feature record: C_FEATURE:1c_variadic_macros


Detecting C [-std=c90] compiler features compiled with the following output:
Change Dir: /home/irina/FR-android-dlib-opencv/TensorflowDetection/.externalNativeBuild/cmake/debug/arm64-v8a/CMakeFiles/CMakeTmp

Run Build Command:"/home/irina/Android/Sdk/cmake/3.6.4111459/bin/ninja" "cmTC_5a838"
[1/2] Building C object CMakeFiles/cmTC_5a838.dir/feature_tests.c.o
[2/2] Linking C executable cmTC_5a838


    Feature record: C_FEATURE:1c_function_prototypes
    Feature record: C_FEATURE:0c_restrict
    Feature record: C_FEATURE:0c_static_assert
    Feature record: C_FEATURE:0c_variadic_macros
Determining if the CXX compiler works passed with the following output:
Change Dir: /home/irina/FR-android-dlib-opencv/TensorflowDetection/.externalNativeBuild/cmake/debug/arm64-v8a/CMakeFiles/CMakeTmp

Run Build Command:"/home/irina/Android/Sdk/cmake/3.6.4111459/bin/ninja" "cmTC_0aa17"
[1/2] Building CXX object CMakeFiles/cmTC_0aa17.dir/testCXXCompiler.cxx.o
[2/2] Linking CXX executable cmTC_0aa17


Detecting CXX compiler ABI info compiled with the following output:
Change Dir: /home/irina/FR-android-dlib-opencv/TensorflowDetection/.externalNativeBuild/cmake/debug/arm64-v8a/CMakeFiles/CMakeTmp

Run Build Command:"/home/irina/Android/Sdk/cmake/3.6.4111459/bin/ninja" "cmTC_28e86"
[1/2] Building CXX object CMakeFiles/cmTC_28e86.dir/CMakeCXXCompilerABI.cpp.o
[2/2] Linking CXX executable cmTC_28e86
Using built-in specs.
COLLECT_GCC=/home/irina/Android/Sdk/ndk-bundle/toolchains/aarch64-linux-android-4.9/prebuilt/linux-x86_64/bin/aarch64-linux-android-g++
COLLECT_LTO_WRAPPER=/home/irina/Android/Sdk/ndk-bundle/toolchains/aarch64-linux-android-4.9/prebuilt/linux-x86_64/bin/../libexec/gcc/aarch64-linux-android/4.9.x/lto-wrapper
Target: aarch64-linux-android
Configured with: /usr/local/google/buildbot/src/android/gcc/toolchain/build/../gcc/gcc-4.9/configure --prefix=/tmp/ec4cb553ef61611c1d388a938c56382a --target=aarch64-linux-android --host=x86_64-linux-gnu --build=x86_64-linux-gnu --with-gnu-as --with-gnu-ld --enable-languages=c,c++ --with-gmp=/buildbot/tmp/build/toolchain/temp-install --with-mpfr=/buildbot/tmp/build/toolchain/temp-install --with-mpc=/buildbot/tmp/build/toolchain/temp-install --with-cloog=/buildbot/tmp/build/toolchain/temp-install --with-isl=/buildbot/tmp/build/toolchain/temp-install --with-ppl=/buildbot/tmp/build/toolchain/temp-install --disable-ppl-version-check --disable-cloog-version-check --disable-isl-version-check --enable-cloog-backend=isl --with-host-libstdcxx='-static-libgcc -Wl,-Bstatic,-lstdc++,-Bdynamic -lm' --disable-libssp --enable-threads --disable-nls --disable-libmudflap --disable-libgomp --disable-libstdc__-v3 --disable-sjlj-exceptions --disable-shared --disable-tls --disable-libitm --enable-bionic-libs --enable-libatomic-ifuncs=no --enable-initfini-array --disable-nls --prefix=/tmp/ec4cb553ef61611c1d388a938c56382a --with-sysroot=/tmp/ec4cb553ef61611c1d388a938c56382a/sysroot --with-binutils-version=2.27 --with-mpfr-version=3.1.1 --with-mpc-version=1.0.1 --with-gmp-version=5.0.5 --with-gcc-version=4.9 --with-gdb-version=none --with-gxx-include-dir=/tmp/ec4cb553ef61611c1d388a938c56382a/include/c++/4.9.x --with-bugurl=http://source.android.com/source/report-bugs.html --enable-languages=c,c++ --disable-bootstrap --enable-plugins --enable-libgomp --enable-gnu-indirect-function --disable-libsanitizer --enable-gold --enable-ld=default --enable-threads --enable-eh-frame-hdr-for-static --enable-fix-cortex-a53-835769 --enable-graphite=yes --with-isl-version=0.11.1 --with-cloog-version=0.18.0 --program-transform-name='s&^&aarch64-linux-android-&' --enable-gold
Thread model: posix
gcc version 4.9.x 20150123 (prerelease) (GCC) 
COMPILER_PATH=/home/irina/Android/Sdk/ndk-bundle/toolchains/aarch64-linux-android-4.9/prebuilt/linux-x86_64/bin/../libexec/gcc/aarch64-linux-android/4.9.x/:/home/irina/Android/Sdk/ndk-bundle/toolchains/aarch64-linux-android-4.9/prebuilt/linux-x86_64/bin/../libexec/gcc/:/home/irina/Android/Sdk/ndk-bundle/toolchains/aarch64-linux-android-4.9/prebuilt/linux-x86_64/bin/../lib/gcc/aarch64-linux-android/4.9.x/../../../../aarch64-linux-android/bin/
LIBRARY_PATH=/home/irina/Android/Sdk/ndk-bundle/toolchains/aarch64-linux-android-4.9/prebuilt/linux-x86_64/bin/../lib/gcc/aarch64-linux-android/4.9.x/:/home/irina/Android/Sdk/ndk-bundle/toolchains/aarch64-linux-android-4.9/prebuilt/linux-x86_64/bin/../lib/gcc/:/home/irina/Android/Sdk/ndk-bundle/toolchains/aarch64-linux-android-4.9/prebuilt/linux-x86_64/bin/../lib/gcc/aarch64-linux-android/4.9.x/../../../../aarch64-linux-android/lib/../lib64/:/home/irina/Android/Sdk/ndk-bundle/toolchains/aarch64-linux-android-4.9/prebuilt/linux-x86_64/bin/../lib/gcc/aarch64-linux-android/4.9.x/../../../../aarch64-linux-android/lib/:/home/irina/Android/Sdk/ndk-bundle/platforms/android-21/arch-arm64/usr/lib/
COLLECT_GCC_OPTIONS='-isystem' '/home/irina/Android/Sdk/ndk-bundle/sysroot/usr/include/aarch64-linux-android' '-D' '__ANDROID_API__=21' '-g' '-D' 'ANDROID' '-ffunction-sections' '-funwind-tables' '-fstack-protector-strong' '-Wformat=1' '-Werror=format-security' '-std=c++11' '-pie' '-fPIE' '-v' '-o' 'cmTC_28e86' '-mlittle-endian' '-mabi=lp64'
 /home/irina/Android/Sdk/ndk-bundle/toolchains/aarch64-linux-android-4.9/prebuilt/linux-x86_64/bin/../libexec/gcc/aarch64-linux-android/4.9.x/collect2 -plugin /home/irina/Android/Sdk/ndk-bundle/toolchains/aarch64-linux-android-4.9/prebuilt/linux-x86_64/bin/../libexec/gcc/aarch64-linux-android/4.9.x/liblto_plugin.so -plugin-opt=/home/irina/Android/Sdk/ndk-bundle/toolchains/aarch64-linux-android-4.9/prebuilt/linux-x86_64/bin/../libexec/gcc/aarch64-linux-android/4.9.x/lto-wrapper -plugin-opt=-fresolution=/tmp/ccvKISV3.res -plugin-opt=-pass-through=-lgcc -plugin-opt=-pass-through=-lc -plugin-opt=-pass-through=-ldl -plugin-opt=-pass-through=-lgcc --sysroot=/home/irina/Android/Sdk/ndk-bundle/platforms/android-21/arch-arm64 --eh-frame-hdr -dynamic-linker /system/bin/linker64 -X -EL -maarch64linux --fix-cortex-a53-835769 --fix-cortex-a53-843419 -z noexecstack -z relro -z now -pie -o cmTC_28e86 /home/irina/Android/Sdk/ndk-bundle/platforms/android-21/arch-arm64/usr/lib/crtbegin_dynamic.o -L/home/irina/Android/Sdk/ndk-bundle/toolchains/aarch64-linux-android-4.9/prebuilt/linux-x86_64/bin/../lib/gcc/aarch64-linux-android/4.9.x -L/home/irina/Android/Sdk/ndk-bundle/toolchains/aarch64-linux-android-4.9/prebuilt/linux-x86_64/bin/../lib/gcc -L/home/irina/Android/Sdk/ndk-bundle/toolchains/aarch64-linux-android-4.9/prebuilt/linux-x86_64/bin/../lib/gcc/aarch64-linux-android/4.9.x/../../../../aarch64-linux-android/lib/../lib64 -L/home/irina/Android/Sdk/ndk-bundle/toolchains/aarch64-linux-android-4.9/prebuilt/linux-x86_64/bin/../lib/gcc/aarch64-linux-android/4.9.x/../../../../aarch64-linux-android/lib -L/home/irina/Android/Sdk/ndk-bundle/platforms/android-21/arch-arm64/usr/lib --exclude-libs libgcc.a --exclude-libs libatomic.a --build-id --warn-shared-textrel --fatal-warnings --no-undefined -z noexecstack -z relro -z now --gc-sections -z nocopyreloc CMakeFiles/cmTC_28e86.dir/CMakeCXXCompilerABI.cpp.o -lstdc++ -lm -lgcc -lc -ldl -lgcc /home/irina/Android/Sdk/ndk-bundle/platforms/android-21/arch-arm64/usr/lib/crtend_android.o


Parsed CXX implicit link information from above output:
  link line regex: [^( *|.*[/\])(aarch64-linux-android-ld|([^/\]+-)?ld|collect2)[^/\]*( |$)]
  ignore line: [Change Dir: /home/irina/FR-android-dlib-opencv/TensorflowDetection/.externalNativeBuild/cmake/debug/arm64-v8a/CMakeFiles/CMakeTmp]
  ignore line: []
  ignore line: [Run Build Command:"/home/irina/Android/Sdk/cmake/3.6.4111459/bin/ninja" "cmTC_28e86"]
  ignore line: [[1/2] Building CXX object CMakeFiles/cmTC_28e86.dir/CMakeCXXCompilerABI.cpp.o]
  ignore line: [[2/2] Linking CXX executable cmTC_28e86]
  ignore line: [Using built-in specs.]
  ignore line: [COLLECT_GCC=/home/irina/Android/Sdk/ndk-bundle/toolchains/aarch64-linux-android-4.9/prebuilt/linux-x86_64/bin/aarch64-linux-android-g++]
  ignore line: [COLLECT_LTO_WRAPPER=/home/irina/Android/Sdk/ndk-bundle/toolchains/aarch64-linux-android-4.9/prebuilt/linux-x86_64/bin/../libexec/gcc/aarch64-linux-android/4.9.x/lto-wrapper]
  ignore line: [Target: aarch64-linux-android]
  ignore line: [Configured with: /usr/local/google/buildbot/src/android/gcc/toolchain/build/../gcc/gcc-4.9/configure --prefix=/tmp/ec4cb553ef61611c1d388a938c56382a --target=aarch64-linux-android --host=x86_64-linux-gnu --build=x86_64-linux-gnu --with-gnu-as --with-gnu-ld --enable-languages=c,c++ --with-gmp=/buildbot/tmp/build/toolchain/temp-install --with-mpfr=/buildbot/tmp/build/toolchain/temp-install --with-mpc=/buildbot/tmp/build/toolchain/temp-install --with-cloog=/buildbot/tmp/build/toolchain/temp-install --with-isl=/buildbot/tmp/build/toolchain/temp-install --with-ppl=/buildbot/tmp/build/toolchain/temp-install --disable-ppl-version-check --disable-cloog-version-check --disable-isl-version-check --enable-cloog-backend=isl --with-host-libstdcxx='-static-libgcc -Wl,-Bstatic,-lstdc++,-Bdynamic -lm' --disable-libssp --enable-threads --disable-nls --disable-libmudflap --disable-libgomp --disable-libstdc__-v3 --disable-sjlj-exceptions --disable-shared --disable-tls --disable-libitm --enable-bionic-libs --enable-libatomic-ifuncs=no --enable-initfini-array --disable-nls --prefix=/tmp/ec4cb553ef61611c1d388a938c56382a --with-sysroot=/tmp/ec4cb553ef61611c1d388a938c56382a/sysroot --with-binutils-version=2.27 --with-mpfr-version=3.1.1 --with-mpc-version=1.0.1 --with-gmp-version=5.0.5 --with-gcc-version=4.9 --with-gdb-version=none --with-gxx-include-dir=/tmp/ec4cb553ef61611c1d388a938c56382a/include/c++/4.9.x --with-bugurl=http://source.android.com/source/report-bugs.html --enable-languages=c,c++ --disable-bootstrap --enable-plugins --enable-libgomp --enable-gnu-indirect-function --disable-libsanitizer --enable-gold --enable-ld=default --enable-threads --enable-eh-frame-hdr-for-static --enable-fix-cortex-a53-835769 --enable-graphite=yes --with-isl-version=0.11.1 --with-cloog-version=0.18.0 --program-transform-name='s&^&aarch64-linux-android-&' --enable-gold]
  ignore line: [Thread model: posix]
  ignore line: [gcc version 4.9.x 20150123 (prerelease) (GCC) ]
  ignore line: [COMPILER_PATH=/home/irina/Android/Sdk/ndk-bundle/toolchains/aarch64-linux-android-4.9/prebuilt/linux-x86_64/bin/../libexec/gcc/aarch64-linux-android/4.9.x/:/home/irina/Android/Sdk/ndk-bundle/toolchains/aarch64-linux-android-4.9/prebuilt/linux-x86_64/bin/../libexec/gcc/:/home/irina/Android/Sdk/ndk-bundle/toolchains/aarch64-linux-android-4.9/prebuilt/linux-x86_64/bin/../lib/gcc/aarch64-linux-android/4.9.x/../../../../aarch64-linux-android/bin/]
  ignore line: [LIBRARY_PATH=/home/irina/Android/Sdk/ndk-bundle/toolchains/aarch64-linux-android-4.9/prebuilt/linux-x86_64/bin/../lib/gcc/aarch64-linux-android/4.9.x/:/home/irina/Android/Sdk/ndk-bundle/toolchains/aarch64-linux-android-4.9/prebuilt/linux-x86_64/bin/../lib/gcc/:/home/irina/Android/Sdk/ndk-bundle/toolchains/aarch64-linux-android-4.9/prebuilt/linux-x86_64/bin/../lib/gcc/aarch64-linux-android/4.9.x/../../../../aarch64-linux-android/lib/../lib64/:/home/irina/Android/Sdk/ndk-bundle/toolchains/aarch64-linux-android-4.9/prebuilt/linux-x86_64/bin/../lib/gcc/aarch64-linux-android/4.9.x/../../../../aarch64-linux-android/lib/:/home/irina/Android/Sdk/ndk-bundle/platforms/android-21/arch-arm64/usr/lib/]
  ignore line: [COLLECT_GCC_OPTIONS='-isystem' '/home/irina/Android/Sdk/ndk-bundle/sysroot/usr/include/aarch64-linux-android' '-D' '__ANDROID_API__=21' '-g' '-D' 'ANDROID' '-ffunction-sections' '-funwind-tables' '-fstack-protector-strong' '-Wformat=1' '-Werror=format-security' '-std=c++11' '-pie' '-fPIE' '-v' '-o' 'cmTC_28e86' '-mlittle-endian' '-mabi=lp64']
  link line: [ /home/irina/Android/Sdk/ndk-bundle/toolchains/aarch64-linux-android-4.9/prebuilt/linux-x86_64/bin/../libexec/gcc/aarch64-linux-android/4.9.x/collect2 -plugin /home/irina/Android/Sdk/ndk-bundle/toolchains/aarch64-linux-android-4.9/prebuilt/linux-x86_64/bin/../libexec/gcc/aarch64-linux-android/4.9.x/liblto_plugin.so -plugin-opt=/home/irina/Android/Sdk/ndk-bundle/toolchains/aarch64-linux-android-4.9/prebuilt/linux-x86_64/bin/../libexec/gcc/aarch64-linux-android/4.9.x/lto-wrapper -plugin-opt=-fresolution=/tmp/ccvKISV3.res -plugin-opt=-pass-through=-lgcc -plugin-opt=-pass-through=-lc -plugin-opt=-pass-through=-ldl -plugin-opt=-pass-through=-lgcc --sysroot=/home/irina/Android/Sdk/ndk-bundle/platforms/android-21/arch-arm64 --eh-frame-hdr -dynamic-linker /system/bin/linker64 -X -EL -maarch64linux --fix-cortex-a53-835769 --fix-cortex-a53-843419 -z noexecstack -z relro -z now -pie -o cmTC_28e86 /home/irina/Android/Sdk/ndk-bundle/platforms/android-21/arch-arm64/usr/lib/crtbegin_dynamic.o -L/home/irina/Android/Sdk/ndk-bundle/toolchains/aarch64-linux-android-4.9/prebuilt/linux-x86_64/bin/../lib/gcc/aarch64-linux-android/4.9.x -L/home/irina/Android/Sdk/ndk-bundle/toolchains/aarch64-linux-android-4.9/prebuilt/linux-x86_64/bin/../lib/gcc -L/home/irina/Android/Sdk/ndk-bundle/toolchains/aarch64-linux-android-4.9/prebuilt/linux-x86_64/bin/../lib/gcc/aarch64-linux-android/4.9.x/../../../../aarch64-linux-android/lib/../lib64 -L/home/irina/Android/Sdk/ndk-bundle/toolchains/aarch64-linux-android-4.9/prebuilt/linux-x86_64/bin/../lib/gcc/aarch64-linux-android/4.9.x/../../../../aarch64-linux-android/lib -L/home/irina/Android/Sdk/ndk-bundle/platforms/android-21/arch-arm64/usr/lib --exclude-libs libgcc.a --exclude-libs libatomic.a --build-id --warn-shared-textrel --fatal-warnings --no-undefined -z noexecstack -z relro -z now --gc-sections -z nocopyreloc CMakeFiles/cmTC_28e86.dir/CMakeCXXCompilerABI.cpp.o -lstdc++ -lm -lgcc -lc -ldl -lgcc /home/irina/Android/Sdk/ndk-bundle/platforms/android-21/arch-arm64/usr/lib/crtend_android.o]
    arg [/home/irina/Android/Sdk/ndk-bundle/toolchains/aarch64-linux-android-4.9/prebuilt/linux-x86_64/bin/../libexec/gcc/aarch64-linux-android/4.9.x/collect2] ==> ignore
    arg [-plugin] ==> ignore
    arg [/home/irina/Android/Sdk/ndk-bundle/toolchains/aarch64-linux-android-4.9/prebuilt/linux-x86_64/bin/../libexec/gcc/aarch64-linux-android/4.9.x/liblto_plugin.so] ==> ignore
    arg [-plugin-opt=/home/irina/Android/Sdk/ndk-bundle/toolchains/aarch64-linux-android-4.9/prebuilt/linux-x86_64/bin/../libexec/gcc/aarch64-linux-android/4.9.x/lto-wrapper] ==> ignore
    arg [-plugin-opt=-fresolution=/tmp/ccvKISV3.res] ==> ignore
    arg [-plugin-opt=-pass-through=-lgcc] ==> ignore
    arg [-plugin-opt=-pass-through=-lc] ==> ignore
    arg [-plugin-opt=-pass-through=-ldl] ==> ignore
    arg [-plugin-opt=-pass-through=-lgcc] ==> ignore
    arg [--sysroot=/home/irina/Android/Sdk/ndk-bundle/platforms/android-21/arch-arm64] ==> ignore
    arg [--eh-frame-hdr] ==> ignore
    arg [-dynamic-linker] ==> ignore
    arg [/system/bin/linker64] ==> ignore
    arg [-X] ==> ignore
    arg [-EL] ==> ignore
    arg [-maarch64linux] ==> ignore
    arg [--fix-cortex-a53-835769] ==> ignore
    arg [--fix-cortex-a53-843419] ==> ignore
    arg [-znoexecstack] ==> ignore
    arg [-zrelro] ==> ignore
    arg [-znow] ==> ignore
    arg [-pie] ==> ignore
    arg [-o] ==> ignore
    arg [cmTC_28e86] ==> ignore
    arg [/home/irina/Android/Sdk/ndk-bundle/platforms/android-21/arch-arm64/usr/lib/crtbegin_dynamic.o] ==> ignore
    arg [-L/home/irina/Android/Sdk/ndk-bundle/toolchains/aarch64-linux-android-4.9/prebuilt/linux-x86_64/bin/../lib/gcc/aarch64-linux-android/4.9.x] ==> dir [/home/irina/Android/Sdk/ndk-bundle/toolchains/aarch64-linux-android-4.9/prebuilt/linux-x86_64/bin/../lib/gcc/aarch64-linux-android/4.9.x]
    arg [-L/home/irina/Android/Sdk/ndk-bundle/toolchains/aarch64-linux-android-4.9/prebuilt/linux-x86_64/bin/../lib/gcc] ==> dir [/home/irina/Android/Sdk/ndk-bundle/toolchains/aarch64-linux-android-4.9/prebuilt/linux-x86_64/bin/../lib/gcc]
    arg [-L/home/irina/Android/Sdk/ndk-bundle/toolchains/aarch64-linux-android-4.9/prebuilt/linux-x86_64/bin/../lib/gcc/aarch64-linux-android/4.9.x/../../../../aarch64-linux-android/lib/../lib64] ==> dir [/home/irina/Android/Sdk/ndk-bundle/toolchains/aarch64-linux-android-4.9/prebuilt/linux-x86_64/bin/../lib/gcc/aarch64-linux-android/4.9.x/../../../../aarch64-linux-android/lib/../lib64]
    arg [-L/home/irina/Android/Sdk/ndk-bundle/toolchains/aarch64-linux-android-4.9/prebuilt/linux-x86_64/bin/../lib/gcc/aarch64-linux-android/4.9.x/../../../../aarch64-linux-android/lib] ==> dir [/home/irina/Android/Sdk/ndk-bundle/toolchains/aarch64-linux-android-4.9/prebuilt/linux-x86_64/bin/../lib/gcc/aarch64-linux-android/4.9.x/../../../../aarch64-linux-android/lib]
    arg [-L/home/irina/Android/Sdk/ndk-bundle/platforms/android-21/arch-arm64/usr/lib] ==> dir [/home/irina/Android/Sdk/ndk-bundle/platforms/android-21/arch-arm64/usr/lib]
    arg [--exclude-libs] ==> ignore
    arg [libgcc.a] ==> ignore
    arg [--exclude-libs] ==> ignore
    arg [libatomic.a] ==> ignore
    arg [--build-id] ==> ignore
    arg [--warn-shared-textrel] ==> ignore
    arg [--fatal-warnings] ==> ignore
    arg [--no-undefined] ==> ignore
    arg [-znoexecstack] ==> ignore
    arg [-zrelro] ==> ignore
    arg [-znow] ==> ignore
    arg [--gc-sections] ==> ignore
    arg [-znocopyreloc] ==> ignore
    arg [CMakeFiles/cmTC_28e86.dir/CMakeCXXCompilerABI.cpp.o] ==> ignore
    arg [-lstdc++] ==> lib [stdc++]
    arg [-lm] ==> lib [m]
    arg [-lgcc] ==> lib [gcc]
    arg [-lc] ==> lib [c]
    arg [-ldl] ==> lib [dl]
    arg [-lgcc] ==> lib [gcc]
    arg [/home/irina/Android/Sdk/ndk-bundle/platforms/android-21/arch-arm64/usr/lib/crtend_android.o] ==> ignore
  remove lib [gcc]
  remove lib [gcc]
  collapse library dir [/home/irina/Android/Sdk/ndk-bundle/toolchains/aarch64-linux-android-4.9/prebuilt/linux-x86_64/bin/../lib/gcc/aarch64-linux-android/4.9.x] ==> [/home/irina/Android/Sdk/ndk-bundle/toolchains/aarch64-linux-android-4.9/prebuilt/linux-x86_64/lib/gcc/aarch64-linux-android/4.9.x]
  collapse library dir [/home/irina/Android/Sdk/ndk-bundle/toolchains/aarch64-linux-android-4.9/prebuilt/linux-x86_64/bin/../lib/gcc] ==> [/home/irina/Android/Sdk/ndk-bundle/toolchains/aarch64-linux-android-4.9/prebuilt/linux-x86_64/lib/gcc]
  collapse library dir [/home/irina/Android/Sdk/ndk-bundle/toolchains/aarch64-linux-android-4.9/prebuilt/linux-x86_64/bin/../lib/gcc/aarch64-linux-android/4.9.x/../../../../aarch64-linux-android/lib/../lib64] ==> [/home/irina/Android/Sdk/ndk-bundle/toolchains/aarch64-linux-android-4.9/prebuilt/linux-x86_64/aarch64-linux-android/lib64]
  collapse library dir [/home/irina/Android/Sdk/ndk-bundle/toolchains/aarch64-linux-android-4.9/prebuilt/linux-x86_64/bin/../lib/gcc/aarch64-linux-android/4.9.x/../../../../aarch64-linux-android/lib] ==> [/home/irina/Android/Sdk/ndk-bundle/toolchains/aarch64-linux-android-4.9/prebuilt/linux-x86_64/aarch64-linux-android/lib]
  collapse library dir [/home/irina/Android/Sdk/ndk-bundle/platforms/android-21/arch-arm64/usr/lib] ==> [/home/irina/Android/Sdk/ndk-bundle/platforms/android-21/arch-arm64/usr/lib]
  implicit libs: [stdc++;m;c;dl]
  implicit dirs: [/home/irina/Android/Sdk/ndk-bundle/toolchains/aarch64-linux-android-4.9/prebuilt/linux-x86_64/lib/gcc/aarch64-linux-android/4.9.x;/home/irina/Android/Sdk/ndk-bundle/toolchains/aarch64-linux-android-4.9/prebuilt/linux-x86_64/lib/gcc;/home/irina/Android/Sdk/ndk-bundle/toolchains/aarch64-linux-android-4.9/prebuilt/linux-x86_64/aarch64-linux-android/lib64;/home/irina/Android/Sdk/ndk-bundle/toolchains/aarch64-linux-android-4.9/prebuilt/linux-x86_64/aarch64-linux-android/lib;/home/irina/Android/Sdk/ndk-bundle/platforms/android-21/arch-arm64/usr/lib]
  implicit fwks: []




Detecting CXX [-std=c++14] compiler features compiled with the following output:
Change Dir: /home/irina/FR-android-dlib-opencv/TensorflowDetection/.externalNativeBuild/cmake/debug/arm64-v8a/CMakeFiles/CMakeTmp

Run Build Command:"/home/irina/Android/Sdk/cmake/3.6.4111459/bin/ninja" "cmTC_a9446"
[1/2] Building CXX object CMakeFiles/cmTC_a9446.dir/feature_tests.cxx.o
[2/2] Linking CXX executable cmTC_a9446


    Feature record: CXX_FEATURE:0cxx_aggregate_default_initializers
    Feature record: CXX_FEATURE:1cxx_alias_templates
    Feature record: CXX_FEATURE:1cxx_alignas
    Feature record: CXX_FEATURE:1cxx_alignof
    Feature record: CXX_FEATURE:1cxx_attributes
    Feature record: CXX_FEATURE:1cxx_attribute_deprecated
    Feature record: CXX_FEATURE:1cxx_auto_type
    Feature record: CXX_FEATURE:1cxx_binary_literals
    Feature record: CXX_FEATURE:1cxx_constexpr
    Feature record: CXX_FEATURE:1cxx_contextual_conversions
    Feature record: CXX_FEATURE:1cxx_decltype
    Feature record: CXX_FEATURE:1cxx_decltype_auto
    Feature record: CXX_FEATURE:1cxx_decltype_incomplete_return_types
    Feature record: CXX_FEATURE:1cxx_default_function_template_args
    Feature record: CXX_FEATURE:1cxx_defaulted_functions
    Feature record: CXX_FEATURE:1cxx_defaulted_move_initializers
    Feature record: CXX_FEATURE:1cxx_delegating_constructors
    Feature record: CXX_FEATURE:1cxx_deleted_functions
    Feature record: CXX_FEATURE:1cxx_digit_separators
    Feature record: CXX_FEATURE:1cxx_enum_forward_declarations
    Feature record: CXX_FEATURE:1cxx_explicit_conversions
    Feature record: CXX_FEATURE:1cxx_extended_friend_declarations
    Feature record: CXX_FEATURE:1cxx_extern_templates
    Feature record: CXX_FEATURE:1cxx_final
    Feature record: CXX_FEATURE:1cxx_func_identifier
    Feature record: CXX_FEATURE:1cxx_generalized_initializers
    Feature record: CXX_FEATURE:1cxx_generic_lambdas
    Feature record: CXX_FEATURE:1cxx_inheriting_constructors
    Feature record: CXX_FEATURE:1cxx_inline_namespaces
    Feature record: CXX_FEATURE:1cxx_lambdas
    Feature record: CXX_FEATURE:1cxx_lambda_init_captures
    Feature record: CXX_FEATURE:1cxx_local_type_template_args
    Feature record: CXX_FEATURE:1cxx_long_long_type
    Feature record: CXX_FEATURE:1cxx_noexcept
    Feature record: CXX_FEATURE:1cxx_nonstatic_member_init
    Feature record: CXX_FEATURE:1cxx_nullptr
    Feature record: CXX_FEATURE:1cxx_override
    Feature record: CXX_FEATURE:1cxx_range_for
    Feature record: CXX_FEATURE:1cxx_raw_string_literals
    Feature record: CXX_FEATURE:1cxx_reference_qualified_functions
    Feature record: CXX_FEATURE:0cxx_relaxed_constexpr
    Feature record: CXX_FEATURE:1cxx_return_type_deduction
    Feature record: CXX_FEATURE:1cxx_right_angle_brackets
    Feature record: CXX_FEATURE:1cxx_rvalue_references
    Feature record: CXX_FEATURE:1cxx_sizeof_member
    Feature record: CXX_FEATURE:1cxx_static_assert
    Feature record: CXX_FEATURE:1cxx_strong_enums
    Feature record: CXX_FEATURE:1cxx_template_template_parameters
    Feature record: CXX_FEATURE:1cxx_thread_local
    Feature record: CXX_FEATURE:1cxx_trailing_return_types
    Feature record: CXX_FEATURE:1cxx_unicode_literals
    Feature record: CXX_FEATURE:1cxx_uniform_initialization
    Feature record: CXX_FEATURE:1cxx_unrestricted_unions
    Feature record: CXX_FEATURE:1cxx_user_literals
    Feature record: CXX_FEATURE:0cxx_variable_templates
    Feature record: CXX_FEATURE:1cxx_variadic_macros
    Feature record: CXX_FEATURE:1cxx_variadic_templates


Detecting CXX [-std=c++11] compiler features compiled with the following output:
Change Dir: /home/irina/FR-android-dlib-opencv/TensorflowDetection/.externalNativeBuild/cmake/debug/arm64-v8a/CMakeFiles/CMakeTmp

Run Build Command:"/home/irina/Android/Sdk/cmake/3.6.4111459/bin/ninja" "cmTC_20d53"
[1/2] Building CXX object CMakeFiles/cmTC_20d53.dir/feature_tests.cxx.o
[2/2] Linking CXX executable cmTC_20d53


    Feature record: CXX_FEATURE:0cxx_aggregate_default_initializers
    Feature record: CXX_FEATURE:1cxx_alias_templates
    Feature record: CXX_FEATURE:1cxx_alignas
    Feature record: CXX_FEATURE:1cxx_alignof
    Feature record: CXX_FEATURE:1cxx_attributes
    Feature record: CXX_FEATURE:0cxx_attribute_deprecated
    Feature record: CXX_FEATURE:1cxx_auto_type
    Feature record: CXX_FEATURE:0cxx_binary_literals
    Feature record: CXX_FEATURE:1cxx_constexpr
    Feature record: CXX_FEATURE:0cxx_contextual_conversions
    Feature record: CXX_FEATURE:1cxx_decltype
    Feature record: CXX_FEATURE:0cxx_decltype_auto
    Feature record: CXX_FEATURE:1cxx_decltype_incomplete_return_types
    Feature record: CXX_FEATURE:1cxx_default_function_template_args
    Feature record: CXX_FEATURE:1cxx_defaulted_functions
    Feature record: CXX_FEATURE:1cxx_defaulted_move_initializers
    Feature record: CXX_FEATURE:1cxx_delegating_constructors
    Feature record: CXX_FEATURE:1cxx_deleted_functions
    Feature record: CXX_FEATURE:0cxx_digit_separators
    Feature record: CXX_FEATURE:1cxx_enum_forward_declarations
    Feature record: CXX_FEATURE:1cxx_explicit_conversions
    Feature record: CXX_FEATURE:1cxx_extended_friend_declarations
    Feature record: CXX_FEATURE:1cxx_extern_templates
    Feature record: CXX_FEATURE:1cxx_final
    Feature record: CXX_FEATURE:1cxx_func_identifier
    Feature record: CXX_FEATURE:1cxx_generalized_initializers
    Feature record: CXX_FEATURE:0cxx_generic_lambdas
    Feature record: CXX_FEATURE:1cxx_inheriting_constructors
    Feature record: CXX_FEATURE:1cxx_inline_namespaces
    Feature record: CXX_FEATURE:1cxx_lambdas
    Feature record: CXX_FEATURE:0cxx_lambda_init_captures
    Feature record: CXX_FEATURE:1cxx_local_type_template_args
    Feature record: CXX_FEATURE:1cxx_long_long_type
    Feature record: CXX_FEATURE:1cxx_noexcept
    Feature record: CXX_FEATURE:1cxx_nonstatic_member_init
    Feature record: CXX_FEATURE:1cxx_nullptr
    Feature record: CXX_FEATURE:1cxx_override
    Feature record: CXX_FEATURE:1cxx_range_for
    Feature record: CXX_FEATURE:1cxx_raw_string_literals
    Feature record: CXX_FEATURE:1cxx_reference_qualified_functions
    Feature record: CXX_FEATURE:0cxx_relaxed_constexpr
    Feature record: CXX_FEATURE:0cxx_return_type_deduction
    Feature record: CXX_FEATURE:1cxx_right_angle_brackets
    Feature record: CXX_FEATURE:1cxx_rvalue_references
    Feature record: CXX_FEATURE:1cxx_sizeof_member
    Feature record: CXX_FEATURE:1cxx_static_assert
    Feature record: CXX_FEATURE:1cxx_strong_enums
    Feature record: CXX_FEATURE:1cxx_template_template_parameters
    Feature record: CXX_FEATURE:1cxx_thread_local
    Feature record: CXX_FEATURE:1cxx_trailing_return_types
    Feature record: CXX_FEATURE:1cxx_unicode_literals
    Feature record: CXX_FEATURE:1cxx_uniform_initialization
    Feature record: CXX_FEATURE:1cxx_unrestricted_unions
    Feature record: CXX_FEATURE:1cxx_user_literals
    Feature record: CXX_FEATURE:0cxx_variable_templates
    Feature record: CXX_FEATURE:1cxx_variadic_macros
    Feature record: CXX_FEATURE:1cxx_variadic_templates


Detecting CXX [-std=c++98] compiler features compiled with the following output:
Change Dir: /home/irina/FR-android-dlib-opencv/TensorflowDetection/.externalNativeBuild/cmake/debug/arm64-v8a/CMakeFiles/CMakeTmp

Run Build Command:"/home/irina/Android/Sdk/cmake/3.6.4111459/bin/ninja" "cmTC_21a5a"
[1/2] Building CXX object CMakeFiles/cmTC_21a5a.dir/feature_tests.cxx.o
[2/2] Linking CXX executable cmTC_21a5a


    Feature record: CXX_FEATURE:0cxx_aggregate_default_initializers
    Feature record: CXX_FEATURE:0cxx_alias_templates
    Feature record: CXX_FEATURE:0cxx_alignas
    Feature record: CXX_FEATURE:0cxx_alignof
    Feature record: CXX_FEATURE:0cxx_attributes
    Feature record: CXX_FEATURE:0cxx_attribute_deprecated
    Feature record: CXX_FEATURE:0cxx_auto_type
    Feature record: CXX_FEATURE:0cxx_binary_literals
    Feature record: CXX_FEATURE:0cxx_constexpr
    Feature record: CXX_FEATURE:0cxx_contextual_conversions
    Feature record: CXX_FEATURE:0cxx_decltype
    Feature record: CXX_FEATURE:0cxx_decltype_auto
    Feature record: CXX_FEATURE:0cxx_decltype_incomplete_return_types
    Feature record: CXX_FEATURE:0cxx_default_function_template_args
    Feature record: CXX_FEATURE:0cxx_defaulted_functions
    Feature record: CXX_FEATURE:0cxx_defaulted_move_initializers
    Feature record: CXX_FEATURE:0cxx_delegating_constructors
    Feature record: CXX_FEATURE:0cxx_deleted_functions
    Feature record: CXX_FEATURE:0cxx_digit_separators
    Feature record: CXX_FEATURE:0cxx_enum_forward_declarations
    Feature record: CXX_FEATURE:0cxx_explicit_conversions
    Feature record: CXX_FEATURE:0cxx_extended_friend_declarations
    Feature record: CXX_FEATURE:0cxx_extern_templates
    Feature record: CXX_FEATURE:0cxx_final
    Feature record: CXX_FEATURE:0cxx_func_identifier
    Feature record: CXX_FEATURE:0cxx_generalized_initializers
    Feature record: CXX_FEATURE:0cxx_generic_lambdas
    Feature record: CXX_FEATURE:0cxx_inheriting_constructors
    Feature record: CXX_FEATURE:0cxx_inline_namespaces
    Feature record: CXX_FEATURE:0cxx_lambdas
    Feature record: CXX_FEATURE:0cxx_lambda_init_captures
    Feature record: CXX_FEATURE:0cxx_local_type_template_args
    Feature record: CXX_FEATURE:0cxx_long_long_type
    Feature record: CXX_FEATURE:0cxx_noexcept
    Feature record: CXX_FEATURE:0cxx_nonstatic_member_init
    Feature record: CXX_FEATURE:0cxx_nullptr
    Feature record: CXX_FEATURE:0cxx_override
    Feature record: CXX_FEATURE:0cxx_range_for
    Feature record: CXX_FEATURE:0cxx_raw_string_literals
    Feature record: CXX_FEATURE:0cxx_reference_qualified_functions
    Feature record: CXX_FEATURE:0cxx_relaxed_constexpr
    Feature record: CXX_FEATURE:0cxx_return_type_deduction
    Feature record: CXX_FEATURE:0cxx_right_angle_brackets
    Feature record: CXX_FEATURE:0cxx_rvalue_references
    Feature record: CXX_FEATURE:0cxx_sizeof_member
    Feature record: CXX_FEATURE:0cxx_static_assert
    Feature record: CXX_FEATURE:0cxx_strong_enums
    Feature record: CXX_FEATURE:1cxx_template_template_parameters
    Feature record: CXX_FEATURE:0cxx_thread_local
    Feature record: CXX_FEATURE:0cxx_trailing_return_types
    Feature record: CXX_FEATURE:0cxx_unicode_literals
    Feature record: CXX_FEATURE:0cxx_uniform_initialization
    Feature record: CXX_FEATURE:0cxx_unrestricted_unions
    Feature record: CXX_FEATURE:0cxx_user_literals
    Feature record: CXX_FEATURE:0cxx_variable_templates
    Feature record: CXX_FEATURE:0cxx_variadic_macros
    Feature record: CXX_FEATURE:0cxx_variadic_templates
